<?xml version="1.0"?><coverage lines-covered="998" lines-valid="1122" line-rate="0.8894830659536542" branches-covered="0" branches-valid="0" branch-rate="0" complexity="0" version="1.9" timestamp="1779474668"><sources><source>D:\Developer\dart_odbc_fast\native</source></sources><packages><package name="odbc_engine\src\protocol" line-rate="0.8894830659536542" branch-rate="0" complexity="0"><classes><class name="arena" filename="odbc_engine\src\protocol\arena.rs" line-rate="1" branch-rate="0" complexity="0"><methods/><lines><line number="9" hits="720575940379279360"/><line number="11" hits="1441151880758558720"/><line number="12" hits="1441151880758558720"/><line number="26" hits="864691128455135232"/><line number="27" hits="1008806316530991104"/><line number="28" hits="144115188075855872"/><line number="31" hits="4323455642275676160"/><line number="32" hits="864691128455135232"/><line number="33" hits="864691128455135232"/><line number="36" hits="216172782113783808"/><line number="37" hits="1080863910568919040"/><line number="38" hits="648518346341351424"/><line number="39" hits="216172782113783808"/><line number="48" hits="360287970189639680"/><line number="49" hits="720575940379279360"/><line number="51" hits="360287970189639680"/><line number="52" hits="144115188075855872"/><line number="53" hits="288230376151711744"/><line number="62" hits="72057594037927936"/><line number="63" hits="144115188075855872"/></lines></class><class name="bound_param" filename="odbc_engine\src\protocol\bound_param.rs" line-rate="0.9666666666666667" branch-rate="0" complexity="0"><methods/><lines><line number="18" hits="504403158265495552"/><line number="19" hits="504403158265495552"/><line number="20" hits="288230376151711744"/><line number="21" hits="72057594037927936"/><line number="22" hits="72057594037927936"/><line number="23" hits="72057594037927936"/><line number="43" hits="1152921504606846976"/><line number="44" hits="2089670227099910144"/><line number="50" hits="864691128455135232"/><line number="51" hits="1729382256910270464"/><line number="52" hits="72057594037927936"/><line number="55" hits="3602879701896396800"/><line number="56" hits="720575940379279360"/><line number="57" hits="144115188075855872"/><line number="58" hits="144115188075855872"/><line number="59" hits="144115188075855872"/><line number="64" hits="72057594037927936"/><line number="65" hits="72057594037927936"/><line number="71" hits="1152921504606846976"/><line number="72" hits="72057594037927936"/><line number="73" hits="72057594037927936"/><line number="76" hits="504403158265495552"/><line number="77" hits="72057594037927936"/><line number="81" hits="72057594037927936"/><line number="82" hits="72057594037927936"/><line number="85" hits="360287970189639680"/><line number="92" hits="288230376151711744"/><line number="93" hits="72057594037927936"/><line number="94" hits="72057594037927936"/><line number="101" hits="0"/></lines></class><class name="bulk_insert" filename="odbc_engine\src\protocol\bulk_insert.rs" line-rate="0.867741935483871" branch-rate="0" complexity="0"><methods/><lines><line number="38" hits="1729382256910270464"/><line number="39" hits="1729382256910270464"/><line number="40" hits="360287970189639680"/><line number="41" hits="216172782113783808"/><line number="42" hits="144115188075855872"/><line number="43" hits="216172782113783808"/><line number="44" hits="504403158265495552"/><line number="45" hits="216172782113783808"/><line number="46" hits="72057594037927936"/><line number="47" hits="72057594037927936"/><line number="48" hits="72057594037927936"/><line number="53" hits="1585267068834414592"/><line number="54" hits="1585267068834414592"/><line number="55" hits="432345564227567616"/><line number="56" hits="144115188075855872"/><line number="57" hits="216172782113783808"/><line number="58" hits="216172782113783808"/><line number="59" hits="360287970189639680"/><line number="60" hits="216172782113783808"/><line number="118" hits="7710162562058289152"/><line number="119" hits="4683743612465315840"/><line number="120" hits="0"/><line number="121" hits="0"/><line number="134" hits="1369094286720630784"/><line number="135" hits="4107282860161892352"/><line number="136" hits="0"/><line number="137" hits="0"/><line number="145" hits="3602879701896396800"/><line number="146" hits="14411518807585587200"/><line number="147" hits="72057594037927936"/><line number="148" hits="72057594037927936"/><line number="151" hits="0"/><line number="152" hits="0"/><line number="153" hits="0"/><line number="156" hits="576460752303423488"/><line number="157" hits="1152921504606846976"/><line number="166" hits="288230376151711744"/><line number="167" hits="576460752303423488"/><line number="168" hits="72057594037927936"/><line number="176" hits="288230376151711744"/><line number="177" hits="288230376151711744"/><line number="178" hits="72057594037927936"/><line number="179" hits="72057594037927936"/><line number="184" hits="144115188075855872"/><line number="185" hits="72057594037927936"/><line number="186" hits="72057594037927936"/><line number="192" hits="1657324662872342528"/><line number="193" hits="4971973988617027584"/><line number="194" hits="1441151880758558720"/><line number="196" hits="936748722493063168"/><line number="200" hits="936748722493063168"/><line number="201" hits="1873497444986126336"/><line number="202" hits="3746994889972252672"/><line number="205" hits="720575940379279360"/><line number="206" hits="2161727821137838080"/><line number="207" hits="2882303761517117440"/><line number="209" hits="72057594037927936"/><line number="210" hits="72057594037927936"/><line number="213" hits="648518346341351424"/><line number="215" hits="72057594037927936"/><line number="216" hits="72057594037927936"/><line number="228" hits="1513209474796486656"/><line number="233" hits="6052837899185946624"/><line number="234" hits="1513209474796486656"/><line number="235" hits="1513209474796486656"/><line number="236" hits="72057594037927936"/><line number="240" hits="1441151880758558720"/><line number="242" hits="72057594037927936"/><line number="243" hits="72057594037927936"/><line number="248" hits="5476377146882523136"/><line number="249" hits="1369094286720630784"/><line number="250" hits="1369094286720630784"/><line number="251" hits="72057594037927936"/><line number="255" hits="0"/><line number="256" hits="0"/><line number="261" hits="1297036692682702848"/><line number="262" hits="0"/><line number="263" hits="0"/><line number="269" hits="1297036692682702848"/><line number="271" hits="0"/><line number="272" hits="0"/><line number="275" hits="1297036692682702848"/><line number="284" hits="2449958197289549824"/><line number="286" hits="72057594037927936"/><line number="287" hits="72057594037927936"/><line number="292" hits="1152921504606846976"/><line number="293" hits="1945555039024054272"/><line number="294" hits="648518346341351424"/><line number="295" hits="3170534137668829184"/><line number="301" hits="792633534417207296"/><line number="302" hits="72057594037927936"/><line number="303" hits="72057594037927936"/><line number="316" hits="1152921504606846976"/><line number="322" hits="1152921504606846976"/><line number="323" hits="1008806316530991104"/><line number="325" hits="432345564227567616"/><line number="326" hits="720575940379279360"/><line number="328" hits="0"/><line number="329" hits="0"/><line number="330" hits="0"/><line number="336" hits="648518346341351424"/><line number="342" hits="1297036692682702848"/><line number="344" hits="648518346341351424"/><line number="346" hits="432345564227567616"/><line number="349" hits="1441151880758558720"/><line number="352" hits="216172782113783808"/><line number="362" hits="864691128455135232"/><line number="365" hits="648518346341351424"/><line number="366" hits="72057594037927936"/><line number="367" hits="72057594037927936"/><line number="383" hits="72057594037927936"/><line number="384" hits="72057594037927936"/><line number="385" hits="72057594037927936"/><line number="386" hits="72057594037927936"/><line number="388" hits="72057594037927936"/><line number="392" hits="864691128455135232"/><line number="396" hits="1441151880758558720"/><line number="399" hits="144115188075855872"/><line number="400" hits="144115188075855872"/><line number="401" hits="144115188075855872"/><line number="402" hits="144115188075855872"/><line number="403" hits="144115188075855872"/><line number="405" hits="144115188075855872"/><line number="409" hits="0"/><line number="413" hits="0"/><line number="416" hits="0"/><line number="417" hits="0"/><line number="418" hits="0"/><line number="419" hits="0"/><line number="420" hits="0"/><line number="422" hits="0"/><line number="426" hits="864691128455135232"/><line number="429" hits="432345564227567616"/><line number="430" hits="0"/><line number="431" hits="0"/><line number="453" hits="144115188075855872"/><line number="454" hits="144115188075855872"/><line number="455" hits="144115188075855872"/><line number="456" hits="144115188075855872"/><line number="458" hits="144115188075855872"/><line number="464" hits="504403158265495552"/><line number="465" hits="4971973988617027584"/><line number="466" hits="504403158265495552"/><line number="469" hits="576460752303423488"/><line number="475" hits="1152921504606846976"/><line number="477" hits="576460752303423488"/><line number="479" hits="144115188075855872"/><line number="482" hits="288230376151711744"/><line number="483" hits="0"/><line number="484" hits="144115188075855872"/><line number="486" hits="72057594037927936"/><line number="487" hits="72057594037927936"/><line number="488" hits="72057594037927936"/><line number="489" hits="72057594037927936"/><line number="490" hits="72057594037927936"/><line number="492" hits="72057594037927936"/><line number="496" hits="2594073385365405696"/><line number="499" hits="1729382256910270464"/><line number="500" hits="216172782113783808"/><line number="501" hits="432345564227567616"/><line number="503" hits="144115188075855872"/><line number="504" hits="144115188075855872"/><line number="505" hits="144115188075855872"/><line number="506" hits="144115188075855872"/><line number="507" hits="144115188075855872"/><line number="509" hits="144115188075855872"/><line number="512" hits="360287970189639680"/><line number="516" hits="864691128455135232"/><line number="517" hits="864691128455135232"/><line number="518" hits="144115188075855872"/><line number="519" hits="144115188075855872"/><line number="522" hits="288230376151711744"/><line number="523" hits="72057594037927936"/><line number="524" hits="72057594037927936"/><line number="532" hits="4899916394579099648"/><line number="533" hits="14699749183737298944"/><line number="534" hits="0"/><line number="535" hits="0"/><line number="536" hits="0"/><line number="541" hits="864691128455135232"/><line number="542" hits="2594073385365405696"/><line number="545" hits="432345564227567616"/><line number="546" hits="1297036692682702848"/><line number="549" hits="1297036692682702848"/><line number="553" hits="1297036692682702848"/><line number="554" hits="144115188075855872"/><line number="555" hits="72057594037927936"/><line number="556" hits="72057594037927936"/><line number="560" hits="72057594037927936"/><line number="561" hits="72057594037927936"/><line number="562" hits="72057594037927936"/><line number="565" hits="1152921504606846976"/><line number="566" hits="432345564227567616"/><line number="567" hits="1729382256910270464"/><line number="568" hits="1729382256910270464"/><line number="569" hits="864691128455135232"/><line number="572" hits="1152921504606846976"/><line number="574" hits="1152921504606846976"/><line number="576" hits="1152921504606846976"/><line number="577" hits="3458764513820540928"/><line number="578" hits="6917529027641081856"/><line number="581" hits="1152921504606846976"/><line number="583" hits="72057594037927936"/><line number="584" hits="72057594037927936"/><line number="585" hits="72057594037927936"/><line number="588" hits="1080863910568919040"/><line number="591" hits="1080863910568919040"/><line number="593" hits="2161727821137838080"/><line number="594" hits="1080863910568919040"/><line number="596" hits="720575940379279360"/><line number="599" hits="2233785415175766016"/><line number="604" hits="936748722493063168"/><line number="607" hits="1297036692682702848"/><line number="611" hits="2594073385365405696"/><line number="612" hits="1297036692682702848"/><line number="613" hits="2017612633061982208"/><line number="614" hits="504403158265495552"/><line number="615" hits="504403158265495552"/><line number="618" hits="1297036692682702848"/><line number="619" hits="1297036692682702848"/><line number="620" hits="1297036692682702848"/><line number="622" hits="2594073385365405696"/><line number="623" hits="2594073385365405696"/><line number="624" hits="1297036692682702848"/><line number="625" hits="1297036692682702848"/><line number="626" hits="1297036692682702848"/><line number="627" hits="1297036692682702848"/><line number="630" hits="1297036692682702848"/><line number="632" hits="1297036692682702848"/><line number="633" hits="2594073385365405696"/><line number="634" hits="1297036692682702848"/><line number="635" hits="576460752303423488"/><line number="637" hits="1297036692682702848"/><line number="638" hits="1297036692682702848"/><line number="640" hits="288230376151711744"/><line number="641" hits="0"/><line number="643" hits="72057594037927936"/><line number="644" hits="216172782113783808"/><line number="646" hits="144115188075855872"/><line number="647" hits="432345564227567616"/><line number="649" hits="720575940379279360"/><line number="650" hits="0"/><line number="651" hits="360287970189639680"/><line number="653" hits="72057594037927936"/><line number="654" hits="360287970189639680"/><line number="655" hits="1008806316530991104"/><line number="656" hits="1152921504606846976"/><line number="657" hits="2882303761517117440"/><line number="660" hits="0"/><line number="665" hits="1297036692682702848"/><line number="668" hits="15780613094306217984"/><line number="669" hits="15780613094306217984"/><line number="670" hits="13114482114902884352"/><line number="671" hits="15780613094306217984"/><line number="674" hits="864691128455135232"/><line number="675" hits="2594073385365405696"/><line number="676" hits="864691128455135232"/><line number="679" hits="720575940379279360"/><line number="685" hits="1441151880758558720"/><line number="688" hits="216172782113783808"/><line number="693" hits="72057594037927936"/><line number="696" hits="360287970189639680"/><line number="702" hits="72057594037927936"/><line number="703" hits="72057594037927936"/><line number="707" hits="72057594037927936"/><line number="710" hits="216172782113783808"/><line number="716" hits="144115188075855872"/><line number="717" hits="144115188075855872"/><line number="718" hits="144115188075855872"/><line number="724" hits="72057594037927936"/><line number="725" hits="72057594037927936"/><line number="726" hits="72057594037927936"/><line number="730" hits="216172782113783808"/><line number="733" hits="360287970189639680"/><line number="736" hits="1152921504606846976"/><line number="737" hits="1152921504606846976"/><line number="743" hits="0"/><line number="744" hits="0"/><line number="745" hits="0"/><line number="749" hits="0"/><line number="752" hits="0"/><line number="755" hits="0"/><line number="756" hits="0"/><line number="762" hits="144115188075855872"/><line number="763" hits="144115188075855872"/><line number="767" hits="216172782113783808"/><line number="770" hits="288230376151711744"/><line number="781" hits="72057594037927936"/><line number="782" hits="72057594037927936"/><line number="786" hits="648518346341351424"/><line number="789" hits="432345564227567616"/><line number="795" hits="864691128455135232"/><line number="798" hits="0"/><line number="804" hits="144115188075855872"/><line number="808" hits="72057594037927936"/><line number="813" hits="576460752303423488"/><line number="817" hits="864691128455135232"/><line number="818" hits="1441151880758558720"/><line number="820" hits="360287970189639680"/><line number="824" hits="360287970189639680"/><line number="825" hits="360287970189639680"/><line number="830" hits="360287970189639680"/><line number="836" hits="720575940379279360"/><line number="837" hits="144115188075855872"/><line number="838" hits="72057594037927936"/><line number="839" hits="72057594037927936"/><line number="842" hits="360287970189639680"/><line number="843" hits="1441151880758558720"/><line number="844" hits="720575940379279360"/><line number="847" hits="288230376151711744"/></lines></class><class name="columnar" filename="odbc_engine\src\protocol\columnar.rs" line-rate="1" branch-rate="0" complexity="0"><methods/><lines><line number="30" hits="288230376151711744"/><line number="31" hits="288230376151711744"/><line number="32" hits="72057594037927936"/><line number="33" hits="72057594037927936"/><line number="34" hits="144115188075855872"/><line number="46" hits="1657324662872342528"/><line number="48" hits="1657324662872342528"/><line number="54" hits="936748722493063168"/><line number="56" hits="936748722493063168"/><line number="62" hits="2305843009213693952"/><line number="63" hits="6917529027641081856"/><line number="64" hits="4611686018427387904"/><line number="65" hits="2305843009213693952"/><line number="66" hits="2305843009213693952"/><line number="67" hits="2305843009213693952"/><line number="71" hits="2017612633061982208"/><line number="72" hits="4035225266123964416"/><line number="75" hits="1945555039024054272"/><line number="76" hits="1945555039024054272"/><line number="81" hits="72057594037927936"/><line number="82" hits="72057594037927936"/></lines></class><class name="columnar_encoder" filename="odbc_engine\src\protocol\columnar_encoder.rs" line-rate="0.8823529411764706" branch-rate="0" complexity="0"><methods/><lines><line number="13" hits="1441151880758558720"/><line number="14" hits="4323455642275676160"/><line number="20" hits="1441151880758558720"/><line number="21" hits="1441151880758558720"/><line number="23" hits="1369094286720630784"/><line number="31" hits="1297036692682702848"/><line number="32" hits="5260204364768739328"/><line number="35" hits="2594073385365405696"/><line number="42" hits="1297036692682702848"/><line number="47" hits="3891110078048108544"/><line number="48" hits="3891110078048108544"/><line number="49" hits="2522015791327477760"/><line number="50" hits="3963167672086036480"/><line number="54" hits="1224979098644774912"/><line number="55" hits="216172782113783808"/><line number="56" hits="1152921504606846976"/><line number="57" hits="1152921504606846976"/><line number="58" hits="0"/><line number="60" hits="0"/><line number="61" hits="1152921504606846976"/><line number="65" hits="0"/><line number="67" hits="72057594037927936"/><line number="68" hits="432345564227567616"/><line number="69" hits="144115188075855872"/><line number="70" hits="216172782113783808"/><line number="71" hits="144115188075855872"/><line number="72" hits="216172782113783808"/><line number="77" hits="0"/><line number="78" hits="0"/><line number="79" hits="0"/><line number="85" hits="72057594037927936"/><line number="88" hits="1224979098644774912"/><line number="89" hits="1224979098644774912"/><line number="90" hits="432345564227567616"/><line number="91" hits="504403158265495552"/><line number="92" hits="936748722493063168"/><line number="94" hits="432345564227567616"/><line number="95" hits="0"/><line number="99" hits="72057594037927936"/><line number="103" hits="648518346341351424"/><line number="104" hits="1585267068834414592"/><line number="105" hits="720575940379279360"/><line number="109" hits="216172782113783808"/><line number="113" hits="72057594037927936"/><line number="114" hits="144115188075855872"/><line number="115" hits="72057594037927936"/><line number="119" hits="0"/><line number="123" hits="72057594037927936"/><line number="124" hits="144115188075855872"/><line number="125" hits="144115188075855872"/><line number="127" hits="72057594037927936"/><line number="128" hits="0"/><line number="132" hits="0"/><line number="137" hits="1224979098644774912"/><line number="140" hits="1441151880758558720"/><line number="142" hits="2882303761517117440"/><line number="143" hits="2738188573441261568"/><line number="144" hits="2594073385365405696"/><line number="145" hits="1297036692682702848"/><line number="146" hits="1297036692682702848"/><line number="147" hits="1297036692682702848"/><line number="148" hits="1297036692682702848"/><line number="149" hits="1297036692682702848"/><line number="150" hits="1297036692682702848"/><line number="151" hits="1297036692682702848"/><line number="152" hits="0"/><line number="156" hits="1441151880758558720"/><line number="159" hits="2522015791327477760"/><line number="160" hits="5044031582654955520"/><line number="161" hits="2522015791327477760"/><line number="162" hits="1080863910568919040"/><line number="163" hits="2233785415175766016"/><line number="164" hits="2305843009213693952"/><line number="165" hits="2161727821137838080"/><line number="166" hits="0"/><line number="167" hits="1008806316530991104"/><line number="168" hits="1008806316530991104"/><line number="172" hits="1297036692682702848"/><line number="173" hits="3170534137668829184"/><line number="174" hits="3746994889972252672"/><line number="175" hits="1873497444986126336"/><line number="176" hits="2882303761517117440"/><line number="180" hits="144115188075855872"/><line number="181" hits="288230376151711744"/><line number="182" hits="288230376151711744"/><line number="183" hits="144115188075855872"/><line number="184" hits="288230376151711744"/><line number="189" hits="2522015791327477760"/><line number="194" hits="144115188075855872"/><line number="195" hits="432345564227567616"/><line number="196" hits="288230376151711744"/><line number="200" hits="2810246167479189504"/><line number="201" hits="8574853690513424384"/><line number="202" hits="144115188075855872"/><line number="206" hits="5548434740920451072"/><line number="207" hits="16789419410837209088"/><line number="208" hits="144115188075855872"/><line number="212" hits="15924728282382073856"/><line number="213" hits="8430738502437568512"/><line number="214" hits="72057594037927936"/><line number="215" hits="72057594037927936"/><line number="216" hits="72057594037927936"/></lines></class><class name="compression" filename="odbc_engine\src\protocol\compression.rs" line-rate="0.8088235294117647" branch-rate="0" complexity="0"><methods/><lines><line number="17" hits="432345564227567616"/><line number="18" hits="432345564227567616"/><line number="19" hits="216172782113783808"/><line number="21" hits="216172782113783808"/><line number="25" hits="216172782113783808"/><line number="26" hits="864691128455135232"/><line number="29" hits="216172782113783808"/><line number="30" hits="216172782113783808"/><line number="31" hits="72057594037927936"/><line number="32" hits="288230376151711744"/><line number="33" hits="72057594037927936"/><line number="34" hits="72057594037927936"/><line number="35" hits="0"/><line number="36" hits="144115188075855872"/><line number="37" hits="288230376151711744"/><line number="42" hits="288230376151711744"/><line number="43" hits="288230376151711744"/><line number="44" hits="144115188075855872"/><line number="45" hits="576460752303423488"/><line number="46" hits="144115188075855872"/><line number="47" hits="0"/><line number="52" hits="1008806316530991104"/><line number="53" hits="4035225266123964416"/><line number="56" hits="1080863910568919040"/><line number="57" hits="1080863910568919040"/><line number="58" hits="144115188075855872"/><line number="59" hits="1008806316530991104"/><line number="60" hits="504403158265495552"/><line number="61" hits="504403158265495552"/><line number="63" hits="864691128455135232"/><line number="65" hits="864691128455135232"/><line number="66" hits="432345564227567616"/><line number="67" hits="0"/><line number="73" hits="0"/><line number="75" hits="432345564227567616"/><line number="76" hits="0"/><line number="77" hits="432345564227567616"/><line number="82" hits="648518346341351424"/><line number="83" hits="1945555039024054272"/><line number="86" hits="72057594037927936"/><line number="87" hits="216172782113783808"/><line number="90" hits="792633534417207296"/><line number="95" hits="3963167672086036480"/><line number="98" hits="864691128455135232"/><line number="103" hits="864691128455135232"/><line number="105" hits="216172782113783808"/><line number="106" hits="216172782113783808"/><line number="111" hits="1441151880758558720"/><line number="112" hits="0"/><line number="117" hits="1152921504606846976"/><line number="118" hits="0"/><line number="126" hits="648518346341351424"/><line number="127" hits="2594073385365405696"/><line number="128" hits="0"/><line number="130" hits="0"/><line number="131" hits="0"/><line number="132" hits="0"/><line number="133" hits="0"/><line number="134" hits="288230376151711744"/><line number="135" hits="504403158265495552"/><line number="136" hits="144115188075855872"/><line number="137" hits="144115188075855872"/><line number="138" hits="72057594037927936"/><line number="141" hits="0"/><line number="144" hits="144115188075855872"/><line number="145" hits="144115188075855872"/><line number="146" hits="144115188075855872"/><line number="147" hits="144115188075855872"/></lines></class><class name="converter" filename="odbc_engine\src\protocol\converter.rs" line-rate="0.9333333333333333" branch-rate="0" complexity="0"><methods/><lines><line number="5" hits="864691128455135232"/><line number="6" hits="2594073385365405696"/><line number="7" hits="2594073385365405696"/><line number="8" hits="3458764513820540928"/><line number="10" hits="864691128455135232"/><line number="11" hits="144115188075855872"/><line number="14" hits="864691128455135232"/><line number="22" hits="432345564227567616"/><line number="23" hits="792633534417207296"/><line number="24" hits="2089670227099910144"/><line number="25" hits="576460752303423488"/><line number="29" hits="144115188075855872"/><line number="32" hits="288230376151711744"/><line number="38" hits="576460752303423488"/><line number="39" hits="360287970189639680"/><line number="40" hits="576460752303423488"/><line number="41" hits="72057594037927936"/><line number="45" hits="144115188075855872"/><line number="48" hits="144115188075855872"/><line number="51" hits="144115188075855872"/><line number="54" hits="288230376151711744"/><line number="55" hits="216172782113783808"/><line number="56" hits="144115188075855872"/><line number="59" hits="0"/><line number="62" hits="72057594037927936"/><line number="65" hits="864691128455135232"/><line number="66" hits="648518346341351424"/><line number="67" hits="432345564227567616"/><line number="70" hits="0"/><line number="73" hits="216172782113783808"/></lines></class><class name="decoder" filename="odbc_engine\src\protocol\decoder.rs" line-rate="0.9545454545454546" branch-rate="0" complexity="0"><methods/><lines><line number="30" hits="1657324662872342528"/><line number="31" hits="1657324662872342528"/><line number="32" hits="144115188075855872"/><line number="33" hits="72057594037927936"/><line number="34" hits="72057594037927936"/><line number="35" hits="72057594037927936"/><line number="49" hits="72057594037927936"/><line number="50" hits="72057594037927936"/><line number="51" hits="72057594037927936"/><line number="59" hits="72057594037927936"/><line number="60" hits="72057594037927936"/><line number="61" hits="72057594037927936"/><line number="87" hits="360287970189639680"/><line number="90" hits="1080863910568919040"/><line number="92" hits="2017612633061982208"/><line number="93" hits="72057594037927936"/><line number="94" hits="72057594037927936"/><line number="109" hits="72057594037927936"/><line number="110" hits="72057594037927936"/><line number="113" hits="792633534417207296"/><line number="114" hits="72057594037927936"/><line number="115" hits="72057594037927936"/><line number="124" hits="864691128455135232"/><line number="126" hits="2161727821137838080"/><line number="127" hits="720575940379279360"/><line number="128" hits="864691128455135232"/><line number="129" hits="72057594037927936"/><line number="130" hits="72057594037927936"/><line number="138" hits="144115188075855872"/><line number="140" hits="288230376151711744"/><line number="143" hits="648518346341351424"/><line number="144" hits="72057594037927936"/><line number="145" hits="72057594037927936"/><line number="155" hits="72057594037927936"/><line number="156" hits="72057594037927936"/><line number="157" hits="72057594037927936"/><line number="163" hits="504403158265495552"/><line number="164" hits="0"/><line number="167" hits="72057594037927936"/><line number="168" hits="72057594037927936"/><line number="177" hits="432345564227567616"/><line number="180" hits="576460752303423488"/><line number="181" hits="576460752303423488"/><line number="182" hits="0"/><line number="184" hits="144115188075855872"/><line number="185" hits="72057594037927936"/><line number="186" hits="72057594037927936"/><line number="187" hits="144115188075855872"/><line number="191" hits="72057594037927936"/><line number="192" hits="72057594037927936"/><line number="205" hits="1441151880758558720"/><line number="206" hits="1441151880758558720"/><line number="207" hits="72057594037927936"/><line number="208" hits="72057594037927936"/><line number="209" hits="72057594037927936"/><line number="213" hits="144115188075855872"/><line number="214" hits="144115188075855872"/><line number="215" hits="144115188075855872"/><line number="218" hits="1224979098644774912"/><line number="220" hits="0"/><line number="222" hits="72057594037927936"/><line number="223" hits="72057594037927936"/><line number="224" hits="72057594037927936"/><line number="228" hits="72057594037927936"/><line number="229" hits="72057594037927936"/><line number="230" hits="72057594037927936"/></lines></class><class name="encoder" filename="odbc_engine\src\protocol\encoder.rs" line-rate="0.8765432098765432" branch-rate="0" complexity="0"><methods/><lines><line number="46" hits="1513209474796486656"/><line number="47" hits="6052837899185946624"/><line number="50" hits="1873497444986126336"/><line number="51" hits="5620492334958379008"/><line number="53" hits="0"/><line number="54" hits="1729382256910270464"/><line number="58" hits="144115188075855872"/><line number="59" hits="432345564227567616"/><line number="60" hits="0"/><line number="63" hits="1873497444986126336"/><line number="68" hits="5692549928996306944"/><line number="69" hits="1801439850948198400"/><line number="70" hits="1801439850948198400"/><line number="71" hits="1801439850948198400"/><line number="72" hits="1801439850948198400"/><line number="74" hits="3386706919782612992"/><line number="75" hits="4755801206503243776"/><line number="76" hits="3170534137668829184"/><line number="77" hits="0"/><line number="78" hits="1585267068834414592"/><line number="81" hits="3314649325744685056"/><line number="82" hits="3314649325744685056"/><line number="83" hits="1441151880758558720"/><line number="84" hits="0"/><line number="85" hits="2882303761517117440"/><line number="86" hits="0"/><line number="87" hits="1441151880758558720"/><line number="89" hits="1080863910568919040"/><line number="94" hits="1801439850948198400"/><line number="98" hits="0"/><line number="99" hits="0"/><line number="103" hits="144115188075855872"/><line number="107" hits="288230376151711744"/><line number="108" hits="72057594037927936"/><line number="111" hits="72057594037927936"/><line number="113" hits="72057594037927936"/><line number="120" hits="72057594037927936"/><line number="121" hits="216172782113783808"/><line number="125" hits="216172782113783808"/><line number="129" hits="432345564227567616"/><line number="130" hits="72057594037927936"/><line number="133" hits="144115188075855872"/><line number="135" hits="144115188075855872"/><line number="136" hits="576460752303423488"/><line number="140" hits="144115188075855872"/><line number="144" hits="72057594037927936"/><line number="145" hits="144115188075855872"/><line number="149" hits="144115188075855872"/><line number="150" hits="432345564227567616"/><line number="153" hits="144115188075855872"/><line number="154" hits="0"/><line number="159" hits="2017612633061982208"/><line number="160" hits="8070450532247928832"/><line number="161" hits="1945555039024054272"/><line number="163" hits="1729382256910270464"/><line number="164" hits="5260204364768739328"/><line number="165" hits="1657324662872342528"/><line number="166" hits="1657324662872342528"/><line number="167" hits="1657324662872342528"/><line number="170" hits="1873497444986126336"/><line number="171" hits="1513209474796486656"/><line number="172" hits="3314649325744685056"/><line number="173" hits="0"/><line number="174" hits="3242591731706757120"/><line number="175" hits="0"/><line number="176" hits="1441151880758558720"/><line number="177" hits="1441151880758558720"/><line number="181" hits="3746994889972252672"/><line number="182" hits="1873497444986126336"/><line number="197" hits="5404319552844595200"/><line number="198" hits="16212958658533785600"/><line number="199" hits="216172782113783808"/><line number="200" hits="216172782113783808"/><line number="205" hits="7133701809754865664"/><line number="206" hits="2954361355555045376"/><line number="207" hits="72057594037927936"/><line number="208" hits="72057594037927936"/><line number="213" hits="9727775195120271360"/><line number="218" hits="9727775195120271360"/><line number="219" hits="1008806316530991104"/><line number="220" hits="1008806316530991104"/></lines></class><class name="multi_result" filename="odbc_engine\src\protocol\multi_result.rs" line-rate="0.9" branch-rate="0" complexity="0"><methods/><lines><line number="45" hits="864691128455135232"/><line number="46" hits="3458764513820540928"/><line number="51" hits="936748722493063168"/><line number="52" hits="3746994889972252672"/><line number="53" hits="936748722493063168"/><line number="59" hits="0"/><line number="60" hits="936748722493063168"/><line number="67" hits="72057594037927936"/><line number="68" hits="288230376151711744"/><line number="72" hits="144115188075855872"/><line number="73" hits="576460752303423488"/><line number="74" hits="144115188075855872"/><line number="77" hits="0"/><line number="78" hits="144115188075855872"/><line number="81" hits="1080863910568919040"/><line number="82" hits="2017612633061982208"/><line number="83" hits="936748722493063168"/><line number="84" hits="504403158265495552"/><line number="86" hits="504403158265495552"/><line number="90" hits="864691128455135232"/><line number="91" hits="1297036692682702848"/><line number="92" hits="1729382256910270464"/><line number="93" hits="1297036692682702848"/><line number="97" hits="1080863910568919040"/><line number="100" hits="1080863910568919040"/><line number="101" hits="2161727821137838080"/><line number="102" hits="2017612633061982208"/><line number="103" hits="1873497444986126336"/><line number="104" hits="936748722493063168"/><line number="107" hits="504403158265495552"/><line number="108" hits="432345564227567616"/><line number="112" hits="1080863910568919040"/><line number="115" hits="1585267068834414592"/><line number="116" hits="4755801206503243776"/><line number="117" hits="0"/><line number="121" hits="3026418949592973312"/><line number="122" hits="12177733392409821184"/><line number="123" hits="72057594037927936"/><line number="130" hits="1441151880758558720"/><line number="131" hits="1441151880758558720"/><line number="132" hits="5476377146882523136"/><line number="134" hits="2161727821137838080"/><line number="136" hits="360287970189639680"/><line number="140" hits="1080863910568919040"/><line number="141" hits="1080863910568919040"/><line number="142" hits="72057594037927936"/><line number="143" hits="72057594037927936"/><line number="148" hits="72057594037927936"/><line number="149" hits="72057594037927936"/><line number="150" hits="72057594037927936"/><line number="157" hits="360287970189639680"/><line number="158" hits="360287970189639680"/><line number="159" hits="72057594037927936"/><line number="160" hits="72057594037927936"/><line number="167" hits="1224979098644774912"/><line number="173" hits="5116089176692883456"/><line number="174" hits="1008806316530991104"/><line number="176" hits="2017612633061982208"/><line number="177" hits="0"/><line number="178" hits="0"/><line number="184" hits="0"/><line number="185" hits="0"/><line number="195" hits="72057594037927936"/><line number="196" hits="72057594037927936"/><line number="197" hits="72057594037927936"/><line number="201" hits="936748722493063168"/><line number="202" hits="0"/><line number="205" hits="72057594037927936"/><line number="206" hits="72057594037927936"/><line number="212" hits="360287970189639680"/><line number="214" hits="360287970189639680"/><line number="215" hits="72057594037927936"/><line number="216" hits="72057594037927936"/><line number="226" hits="144115188075855872"/><line number="227" hits="144115188075855872"/><line number="228" hits="144115188075855872"/><line number="233" hits="2089670227099910144"/><line number="234" hits="72057594037927936"/><line number="235" hits="72057594037927936"/><line number="241" hits="216172782113783808"/><line number="242" hits="792633534417207296"/><line number="245" hits="1224979098644774912"/><line number="246" hits="1224979098644774912"/><line number="247" hits="144115188075855872"/><line number="248" hits="144115188075855872"/><line number="249" hits="144115188075855872"/><line number="253" hits="1080863910568919040"/><line number="255" hits="0"/><line number="257" hits="72057594037927936"/><line number="258" hits="72057594037927936"/></lines></class><class name="param_value" filename="odbc_engine\src\protocol\param_value.rs" line-rate="0.8630705394190872" branch-rate="0" complexity="0"><methods/><lines><line number="38" hits="1369094286720630784"/><line number="39" hits="2738188573441261568"/><line number="43" hits="1657324662872342528"/><line number="44" hits="4971973988617027584"/><line number="45" hits="0"/><line number="46" hits="1441151880758558720"/><line number="49" hits="1873497444986126336"/><line number="50" hits="3530822107858468864"/><line number="51" hits="504403158265495552"/><line number="52" hits="648518346341351424"/><line number="53" hits="936748722493063168"/><line number="54" hits="360287970189639680"/><line number="55" hits="72057594037927936"/><line number="56" hits="648518346341351424"/><line number="61" hits="1657324662872342528"/><line number="62" hits="1657324662872342528"/><line number="63" hits="576460752303423488"/><line number="64" hits="1729382256910270464"/><line number="65" hits="1152921504606846976"/><line number="67" hits="360287970189639680"/><line number="70" hits="360287970189639680"/><line number="74" hits="720575940379279360"/><line number="75" hits="1080863910568919040"/><line number="76" hits="1441151880758558720"/><line number="77" hits="1080863910568919040"/><line number="79" hits="144115188075855872"/><line number="80" hits="216172782113783808"/><line number="81" hits="288230376151711744"/><line number="82" hits="216172782113783808"/><line number="84" hits="72057594037927936"/><line number="85" hits="144115188075855872"/><line number="86" hits="216172782113783808"/><line number="87" hits="288230376151711744"/><line number="91" hits="144115188075855872"/><line number="92" hits="288230376151711744"/><line number="93" hits="576460752303423488"/><line number="97" hits="72057594037927936"/><line number="98" hits="216172782113783808"/><line number="99" hits="144115188075855872"/><line number="102" hits="1657324662872342528"/><line number="105" hits="2161727821137838080"/><line number="106" hits="2161727821137838080"/><line number="107" hits="144115188075855888"/><line number="108" hits="144115188075855888"/><line number="114" hits="432345564227567616"/><line number="115" hits="432345564227567616"/><line number="116" hits="432345564227567616"/><line number="119" hits="1585267068834414576"/><line number="121" hits="0"/><line number="124" hits="144115188075855872"/><line number="125" hits="144115188075855872"/><line number="129" hits="1441151880758558704"/><line number="131" hits="1297036692682702832"/><line number="132" hits="432345564227567600"/><line number="134" hits="1152921504606846976"/><line number="135" hits="0"/><line number="140" hits="288230376151711744"/><line number="141" hits="0"/><line number="142" hits="0"/><line number="150" hits="72057594037927936"/><line number="151" hits="0"/><line number="152" hits="0"/><line number="161" hits="288230376151711744"/><line number="162" hits="0"/><line number="166" hits="72057594037927936"/><line number="168" hits="144115188075855872"/><line number="169" hits="72057594037927936"/><line number="170" hits="72057594037927936"/><line number="176" hits="72057594037927936"/><line number="177" hits="72057594037927936"/><line number="178" hits="72057594037927936"/><line number="187" hits="360287970189639680"/><line number="188" hits="720575940379279360"/><line number="189" hits="720575940379279360"/><line number="190" hits="1585267068834414592"/><line number="191" hits="576460752303423504"/><line number="192" hits="72057594037927952"/><line number="193" hits="72057594037927952"/><line number="194" hits="72057594037927952"/><line number="197" hits="504403158265495552"/><line number="201" hits="216172782113783792"/><line number="204" hits="72057594037927936"/><line number="205" hits="288230376151711744"/><line number="208" hits="144115188075855872"/><line number="209" hits="144115188075855872"/><line number="210" hits="144115188075855872"/><line number="211" hits="72057594037927936"/><line number="212" hits="72057594037927936"/><line number="213" hits="72057594037927936"/><line number="216" hits="288230376151711744"/><line number="217" hits="648518346341351424"/><line number="218" hits="0"/><line number="219" hits="0"/><line number="223" hits="216172782113783808"/><line number="224" hits="648518346341351424"/><line number="226" hits="72057594037927936"/><line number="229" hits="360287970189639680"/><line number="230" hits="1441151880758558720"/><line number="231" hits="936748722493063168"/><line number="232" hits="576460752303423488"/><line number="233" hits="216172782113783808"/><line number="234" hits="144115188075855872"/><line number="235" hits="288230376151711744"/><line number="236" hits="0"/><line number="237" hits="288230376151711744"/><line number="238" hits="288230376151711744"/><line number="239" hits="432345564227567616"/><line number="242" hits="72057594037927936"/><line number="243" hits="72057594037927936"/><line number="248" hits="288230376151711744"/><line number="251" hits="144115188075855872"/><line number="253" hits="432345564227567616"/><line number="254" hits="288230376151711744"/><line number="258" hits="144115188075855872"/><line number="261" hits="792633534417207296"/><line number="262" hits="792633534417207296"/><line number="263" hits="0"/><line number="264" hits="144115188075855872"/><line number="265" hits="432345564227567616"/><line number="266" hits="432345564227567616"/><line number="267" hits="576460752303423488"/><line number="268" hits="576460752303423488"/><line number="269" hits="72057594037927936"/><line number="270" hits="72057594037927936"/><line number="275" hits="72057594037927936"/><line number="276" hits="288230376151711744"/><line number="279" hits="432345564227567616"/><line number="282" hits="720575940379279360"/><line number="283" hits="576460752303423488"/><line number="284" hits="144115188075855872"/><line number="287" hits="288230376151711744"/><line number="289" hits="2233785415175766016"/><line number="291" hits="288230376151711744"/><line number="294" hits="648518346341351424"/><line number="298" hits="1945555039024054272"/><line number="299" hits="144115188075855872"/><line number="300" hits="72057594037927936"/><line number="301" hits="216172782113783808"/><line number="302" hits="72057594037927936"/><line number="311" hits="576460752303423488"/><line number="312" hits="2305843009213693952"/><line number="317" hits="288230376151711744"/><line number="318" hits="1008806316530991104"/><line number="321" hits="360287970189639680"/><line number="322" hits="720575940379279360"/><line number="323" hits="1080863910568919040"/><line number="325" hits="288230376151711744"/><line number="326" hits="432345564227567616"/><line number="327" hits="432345564227567616"/><line number="328" hits="0"/><line number="329" hits="72057594037927936"/><line number="333" hits="360287970189639680"/><line number="336" hits="216172782113783808"/><line number="337" hits="432345564227567616"/><line number="340" hits="1369094286720630784"/><line number="341" hits="1369094286720630784"/><line number="342" hits="216172782113783808"/><line number="343" hits="216172782113783808"/><line number="344" hits="216172782113783808"/><line number="349" hits="0"/><line number="352" hits="504403158265495552"/><line number="355" hits="504403158265495552"/><line number="356" hits="72057594037927936"/><line number="357" hits="72057594037927936"/><line number="362" hits="72057594037927936"/><line number="366" hits="216172782113783808"/><line number="367" hits="72057594037927936"/><line number="368" hits="72057594037927936"/><line number="370" hits="0"/><line number="371" hits="0"/><line number="372" hits="0"/><line number="373" hits="0"/><line number="375" hits="216172782113783808"/><line number="376" hits="216172782113783808"/><line number="377" hits="72057594037927936"/><line number="378" hits="72057594037927936"/><line number="381" hits="216172782113783808"/><line number="382" hits="72057594037927936"/><line number="383" hits="72057594037927936"/><line number="386" hits="216172782113783808"/><line number="387" hits="72057594037927936"/><line number="388" hits="72057594037927936"/><line number="393" hits="576460752303423488"/><line number="398" hits="576460752303423488"/><line number="400" hits="1008806316530991104"/><line number="401" hits="1008806316530991104"/><line number="402" hits="0"/><line number="405" hits="0"/><line number="408" hits="0"/><line number="409" hits="72057594037927936"/><line number="410" hits="144115188075855872"/><line number="411" hits="0"/><line number="413" hits="72057594037927936"/><line number="416" hits="0"/><line number="417" hits="0"/><line number="418" hits="0"/><line number="420" hits="0"/><line number="423" hits="0"/><line number="424" hits="0"/><line number="425" hits="0"/><line number="426" hits="0"/><line number="431" hits="648518346341351424"/><line number="435" hits="1297036692682702848"/><line number="436" hits="864691128455135232"/><line number="437" hits="72057594037927936"/><line number="440" hits="576460752303423488"/><line number="453" hits="1008806316530991104"/><line number="454" hits="3026418949592973312"/><line number="456" hits="2594073385365405696"/><line number="457" hits="2233785415175766016"/><line number="458" hits="864691128455135232"/><line number="459" hits="288230376151711744"/><line number="460" hits="72057594037927936"/><line number="461" hits="72057594037927936"/><line number="462" hits="72057594037927936"/><line number="463" hits="144115188075855872"/><line number="464" hits="72057594037927936"/><line number="467" hits="144115188075855872"/><line number="468" hits="504403158265495552"/><line number="469" hits="0"/><line number="470" hits="432345564227567616"/><line number="471" hits="288230376151711744"/><line number="472" hits="72057594037927936"/><line number="474" hits="0"/><line number="475" hits="72057594037927936"/><line number="479" hits="864691128455135232"/><line number="482" hits="288230376151711744"/><line number="485" hits="288230376151711744"/><line number="486" hits="0"/><line number="491" hits="216172782113783808"/><line number="493" hits="216172782113783808"/><line number="494" hits="72057594037927936"/><line number="495" hits="72057594037927936"/><line number="497" hits="216172782113783808"/><line number="498" hits="72057594037927936"/><line number="499" hits="72057594037927936"/><line number="501" hits="216172782113783808"/><line number="502" hits="72057594037927936"/><line number="503" hits="72057594037927936"/><line number="508" hits="576460752303423488"/><line number="509" hits="1080863910568919040"/></lines></class><class name="row_buffer" filename="odbc_engine\src\protocol\row_buffer.rs" line-rate="1" branch-rate="0" complexity="0"><methods/><lines><line number="14" hits="2882303761517117440"/><line number="16" hits="2882303761517117440"/><line number="17" hits="2882303761517117440"/><line number="21" hits="2449958197289549824"/><line number="22" hits="7349874591868649472"/><line number="25" hits="2594073385365405696"/><line number="26" hits="7782220156096217088"/><line number="29" hits="3819052484010180608"/><line number="30" hits="7638104968020361216"/><line number="33" hits="3170534137668829440"/><line number="34" hits="6341068275337658880"/><line number="39" hits="72057594037927936"/><line number="40" hits="72057594037927936"/></lines></class><class name="types" filename="odbc_engine\src\protocol\types.rs" line-rate="1" branch-rate="0" complexity="0"><methods/><lines><line number="30" hits="2449958197289549824"/><line number="31" hits="2449958197289549824"/><line number="32" hits="648518346341351424"/><line number="33" hits="432345564227567616"/><line number="34" hits="72057594037927936"/><line number="35" hits="72057594037927936"/><line number="36" hits="72057594037927936"/><line number="37" hits="72057594037927936"/><line number="38" hits="72057594037927936"/><line number="39" hits="72057594037927936"/><line number="40" hits="72057594037927936"/><line number="41" hits="72057594037927936"/><line number="42" hits="72057594037927936"/><line number="43" hits="72057594037927936"/><line number="44" hits="72057594037927936"/><line number="45" hits="72057594037927936"/><line number="46" hits="72057594037927936"/><line number="47" hits="72057594037927936"/><line number="48" hits="72057594037927936"/><line number="49" hits="72057594037927936"/><line number="50" hits="72057594037927936"/><line number="51" hits="144115188075855872"/><line number="55" hits="2449958197289549824"/><line number="57" hits="2449958197289549824"/><line number="58" hits="144115188075855872"/><line number="59" hits="144115188075855872"/><line number="60" hits="144115188075855872"/><line number="61" hits="144115188075855872"/><line number="62" hits="216172782113783808"/><line number="63" hits="216172782113783808"/><line number="64" hits="720575940379279360"/><line number="65" hits="576460752303423488"/><line number="66" hits="72057594037927936"/><line number="67" hits="72057594037927936"/><line number="68" hits="72057594037927936"/><line number="69" hits="72057594037927936"/><line number="70" hits="144115188075855872"/><line number="71" hits="144115188075855872"/><line number="72" hits="72057594037927936"/><line number="73" hits="72057594037927936"/><line number="74" hits="216172782113783808"/><line number="78" hits="1297036692682702848"/><line number="81" hits="1297036692682702848"/><line number="82" hits="288230376151711744"/><line number="83" hits="72057594037927936"/><line number="84" hits="144115188075855872"/><line number="85" hits="72057594037927936"/><line number="86" hits="72057594037927936"/><line number="89" hits="216172782113783808"/><line number="90" hits="432345564227567616"/></lines></class></classes></package></packages></coverage>