<?xml version="1.0"?><coverage lines-covered="91" lines-valid="548" line-rate="0.16605839416058393" branches-covered="0" branches-valid="0" branch-rate="0" complexity="0" version="1.9" timestamp="1779475862"><sources><source>D:\Developer\dart_odbc_fast\native</source></sources><packages><package name="odbc_engine\src\engine\core" line-rate="0.16605839416058393" branch-rate="0" complexity="0"><classes><class name="batch_executor" filename="odbc_engine\src\engine\core\batch_executor.rs" line-rate="0.16783216783216784" branch-rate="0" complexity="0"><methods/><lines><line number="27" hits="648518346341351424"/><line number="30" hits="648518346341351424"/><line number="34" hits="648518346341351424"/><line number="35" hits="1945555039024054272"/><line number="45" hits="648518346341351424"/><line number="47" hits="1945555039024054272"/><line number="52" hits="432345564227567616"/><line number="53" hits="432345564227567616"/><line number="56" hits="288230376151711744"/><line number="57" hits="576460752303423488"/><line number="60" hits="0"/><line number="65" hits="0"/><line number="67" hits="0"/><line number="68" hits="0"/><line number="69" hits="0"/><line number="70" hits="0"/><line number="72" hits="0"/><line number="73" hits="0"/><line number="74" hits="0"/><line number="78" hits="0"/><line number="81" hits="0"/><line number="87" hits="0"/><line number="88" hits="0"/><line number="89" hits="0"/><line number="92" hits="0"/><line number="93" hits="0"/><line number="94" hits="0"/><line number="96" hits="0"/><line number="97" hits="0"/><line number="98" hits="0"/><line number="99" hits="0"/><line number="101" hits="0"/><line number="103" hits="0"/><line number="104" hits="0"/><line number="106" hits="0"/><line number="107" hits="0"/><line number="108" hits="0"/><line number="111" hits="0"/><line number="112" hits="0"/><line number="115" hits="0"/><line number="116" hits="0"/><line number="118" hits="0"/><line number="120" hits="0"/><line number="122" hits="0"/><line number="123" hits="0"/><line number="127" hits="0"/><line number="128" hits="0"/><line number="130" hits="0"/><line number="131" hits="0"/><line number="132" hits="0"/><line number="135" hits="0"/><line number="136" hits="0"/><line number="137" hits="0"/><line number="138" hits="0"/><line number="144" hits="0"/><line number="147" hits="0"/><line number="156" hits="0"/><line number="157" hits="0"/><line number="158" hits="0"/><line number="160" hits="0"/><line number="161" hits="0"/><line number="162" hits="0"/><line number="163" hits="0"/><line number="167" hits="0"/><line number="171" hits="0"/><line number="172" hits="0"/><line number="173" hits="0"/><line number="175" hits="0"/><line number="176" hits="0"/><line number="177" hits="0"/><line number="179" hits="0"/><line number="180" hits="0"/><line number="181" hits="0"/><line number="182" hits="0"/><line number="183" hits="0"/><line number="184" hits="0"/><line number="185" hits="0"/><line number="188" hits="0"/><line number="189" hits="0"/><line number="190" hits="0"/><line number="191" hits="0"/><line number="192" hits="0"/><line number="194" hits="0"/><line number="195" hits="0"/><line number="196" hits="0"/><line number="198" hits="0"/><line number="201" hits="0"/><line number="202" hits="0"/><line number="205" hits="0"/><line number="211" hits="0"/><line number="212" hits="0"/><line number="213" hits="0"/><line number="215" hits="0"/><line number="216" hits="0"/><line number="217" hits="0"/><line number="220" hits="0"/><line number="221" hits="0"/><line number="222" hits="0"/><line number="223" hits="0"/><line number="224" hits="0"/><line number="225" hits="0"/><line number="226" hits="0"/><line number="230" hits="0"/><line number="231" hits="0"/><line number="232" hits="0"/><line number="235" hits="0"/><line number="236" hits="0"/><line number="237" hits="0"/><line number="239" hits="0"/><line number="240" hits="0"/><line number="241" hits="0"/><line number="243" hits="0"/><line number="244" hits="0"/><line number="245" hits="0"/><line number="246" hits="0"/><line number="247" hits="0"/><line number="248" hits="0"/><line number="249" hits="0"/><line number="252" hits="0"/><line number="253" hits="0"/><line number="254" hits="0"/><line number="255" hits="0"/><line number="256" hits="0"/><line number="258" hits="0"/><line number="259" hits="0"/><line number="260" hits="0"/><line number="262" hits="0"/><line number="265" hits="0"/><line number="266" hits="0"/><line number="270" hits="648518346341351424"/><line number="271" hits="648518346341351424"/><line number="272" hits="216172782113783808"/><line number="273" hits="288230376151711744"/><line number="274" hits="288230376151711744"/><line number="275" hits="144115188075855872"/><line number="288" hits="432345564227567616"/><line number="291" hits="864691128455135232"/><line number="292" hits="72057594037927936"/><line number="294" hits="360287970189639680"/><line number="295" hits="216172782113783808"/><line number="298" hits="72057594037927936"/><line number="304" hits="144115188075855872"/><line number="305" hits="144115188075855872"/></lines></class><class name="execution_engine" filename="odbc_engine\src\engine\core\execution_engine.rs" line-rate="0.1654320987654321" branch-rate="0" complexity="0"><methods/><lines><line number="26" hits="432345564227567616"/><line number="27" hits="1297036692682702848"/><line number="29" hits="432345564227567616"/><line number="42" hits="288230376151711744"/><line number="43" hits="576460752303423488"/><line number="44" hits="72057594037927936"/><line number="47" hits="432345564227567616"/><line number="48" hits="72057594037927936"/><line number="63" hits="288230376151711744"/><line number="66" hits="864691128455135232"/><line number="67" hits="72057594037927936"/><line number="70" hits="72057594037927936"/><line number="75" hits="216172782113783808"/><line number="81" hits="576460752303423488"/><line number="82" hits="72057594037927936"/><line number="83" hits="72057594037927936"/><line number="84" hits="72057594037927936"/><line number="85" hits="72057594037927936"/><line number="86" hits="72057594037927936"/><line number="105" hits="3026418949592973312"/><line number="106" hits="12105675798371893248"/><line number="107" hits="9079256848778919936"/><line number="108" hits="9079256848778919936"/><line number="113" hits="6052837899185946624"/><line number="114" hits="12105675798371893248"/><line number="116" hits="9079256848778919936"/><line number="117" hits="9079256848778919936"/><line number="118" hits="3026418949592973312"/><line number="122" hits="360287970189639680"/><line number="123" hits="1441151880758558720"/><line number="124" hits="1080863910568919040"/><line number="125" hits="1080863910568919040"/><line number="130" hits="720575940379279360"/><line number="131" hits="1441151880758558720"/><line number="133" hits="1080863910568919040"/><line number="134" hits="1080863910568919040"/><line number="135" hits="360287970189639680"/><line number="139" hits="216172782113783808"/><line number="140" hits="864691128455135232"/><line number="141" hits="648518346341351424"/><line number="142" hits="648518346341351424"/><line number="147" hits="432345564227567616"/><line number="148" hits="864691128455135232"/><line number="150" hits="648518346341351424"/><line number="151" hits="648518346341351424"/><line number="152" hits="216172782113783808"/><line number="156" hits="1369094286720630784"/><line number="157" hits="2738188573441261568"/><line number="158" hits="1152921504606846976"/><line number="159" hits="1152921504606846976"/><line number="166" hits="0"/><line number="168" hits="0"/><line number="169" hits="0"/><line number="170" hits="0"/><line number="171" hits="0"/><line number="172" hits="0"/><line number="174" hits="0"/><line number="176" hits="0"/><line number="177" hits="0"/><line number="179" hits="0"/><line number="184" hits="0"/><line number="187" hits="0"/><line number="188" hits="0"/><line number="189" hits="0"/><line number="191" hits="0"/><line number="193" hits="0"/><line number="195" hits="0"/><line number="200" hits="0"/><line number="207" hits="0"/><line number="208" hits="0"/><line number="209" hits="0"/><line number="210" hits="0"/><line number="211" hits="0"/><line number="213" hits="0"/><line number="214" hits="0"/><line number="216" hits="0"/><line number="218" hits="0"/><line number="220" hits="0"/><line number="221" hits="0"/><line number="223" hits="0"/><line number="228" hits="0"/><line number="231" hits="0"/><line number="237" hits="0"/><line number="240" hits="0"/><line number="250" hits="0"/><line number="251" hits="0"/><line number="252" hits="0"/><line number="253" hits="0"/><line number="254" hits="0"/><line number="256" hits="0"/><line number="257" hits="0"/><line number="259" hits="0"/><line number="261" hits="0"/><line number="266" hits="0"/><line number="270" hits="0"/><line number="281" hits="0"/><line number="282" hits="0"/><line number="283" hits="0"/><line number="284" hits="0"/><line number="285" hits="0"/><line number="287" hits="0"/><line number="290" hits="0"/><line number="291" hits="0"/><line number="292" hits="0"/><line number="295" hits="0"/><line number="305" hits="0"/><line number="306" hits="0"/><line number="307" hits="0"/><line number="309" hits="0"/><line number="314" hits="0"/><line number="315" hits="0"/><line number="317" hits="0"/><line number="318" hits="0"/><line number="319" hits="0"/><line number="320" hits="0"/><line number="323" hits="0"/><line number="326" hits="0"/><line number="327" hits="0"/><line number="328" hits="0"/><line number="331" hits="0"/><line number="332" hits="0"/><line number="337" hits="0"/><line number="339" hits="0"/><line number="340" hits="0"/><line number="342" hits="0"/><line number="351" hits="0"/><line number="353" hits="0"/><line number="355" hits="0"/><line number="356" hits="0"/><line number="360" hits="0"/><line number="377" hits="0"/><line number="379" hits="0"/><line number="385" hits="0"/><line number="386" hits="0"/><line number="387" hits="0"/><line number="389" hits="0"/><line number="396" hits="0"/><line number="399" hits="0"/><line number="400" hits="0"/><line number="401" hits="0"/><line number="403" hits="0"/><line number="417" hits="0"/><line number="418" hits="0"/><line number="422" hits="0"/><line number="425" hits="0"/><line number="433" hits="0"/><line number="434" hits="0"/><line number="436" hits="0"/><line number="438" hits="0"/><line number="442" hits="0"/><line number="444" hits="0"/><line number="446" hits="0"/><line number="450" hits="0"/><line number="451" hits="0"/><line number="453" hits="0"/><line number="455" hits="0"/><line number="457" hits="0"/><line number="459" hits="0"/><line number="460" hits="0"/><line number="461" hits="0"/><line number="462" hits="0"/><line number="464" hits="0"/><line number="468" hits="0"/><line number="469" hits="0"/><line number="471" hits="0"/><line number="479" hits="0"/><line number="487" hits="0"/><line number="489" hits="0"/><line number="490" hits="0"/><line number="492" hits="0"/><line number="493" hits="0"/><line number="494" hits="0"/><line number="496" hits="0"/><line number="497" hits="0"/><line number="498" hits="0"/><line number="501" hits="0"/><line number="503" hits="0"/><line number="506" hits="0"/><line number="511" hits="0"/><line number="513" hits="0"/><line number="514" hits="0"/><line number="515" hits="0"/><line number="517" hits="0"/><line number="521" hits="0"/><line number="524" hits="0"/><line number="525" hits="0"/><line number="526" hits="0"/><line number="527" hits="0"/><line number="528" hits="0"/><line number="530" hits="0"/><line number="532" hits="0"/><line number="534" hits="0"/><line number="539" hits="0"/><line number="544" hits="0"/><line number="552" hits="0"/><line number="553" hits="0"/><line number="554" hits="0"/><line number="555" hits="0"/><line number="556" hits="0"/><line number="558" hits="0"/><line number="560" hits="0"/><line number="562" hits="0"/><line number="567" hits="0"/><line number="570" hits="0"/><line number="571" hits="0"/><line number="578" hits="0"/><line number="579" hits="0"/><line number="580" hits="0"/><line number="581" hits="0"/><line number="588" hits="0"/><line number="593" hits="0"/><line number="595" hits="0"/><line number="596" hits="0"/><line number="601" hits="0"/><line number="602" hits="0"/><line number="605" hits="0"/><line number="611" hits="0"/><line number="612" hits="0"/><line number="615" hits="0"/><line number="617" hits="0"/><line number="620" hits="0"/><line number="621" hits="0"/><line number="622" hits="0"/><line number="624" hits="0"/><line number="626" hits="0"/><line number="629" hits="0"/><line number="630" hits="0"/><line number="635" hits="0"/><line number="640" hits="0"/><line number="642" hits="0"/><line number="643" hits="0"/><line number="648" hits="0"/><line number="649" hits="0"/><line number="652" hits="0"/><line number="653" hits="0"/><line number="657" hits="0"/><line number="659" hits="0"/><line number="661" hits="0"/><line number="663" hits="0"/><line number="664" hits="0"/><line number="666" hits="0"/><line number="670" hits="0"/><line number="671" hits="0"/><line number="672" hits="0"/><line number="674" hits="0"/><line number="675" hits="0"/><line number="678" hits="0"/><line number="679" hits="0"/><line number="685" hits="0"/><line number="690" hits="0"/><line number="692" hits="0"/><line number="693" hits="0"/><line number="698" hits="0"/><line number="699" hits="0"/><line number="715" hits="0"/><line number="723" hits="0"/><line number="728" hits="0"/><line number="729" hits="0"/><line number="730" hits="0"/><line number="731" hits="0"/><line number="732" hits="0"/><line number="733" hits="0"/><line number="734" hits="0"/><line number="736" hits="0"/><line number="737" hits="0"/><line number="738" hits="0"/><line number="739" hits="0"/><line number="741" hits="0"/><line number="743" hits="0"/><line number="744" hits="0"/><line number="745" hits="0"/><line number="748" hits="0"/><line number="749" hits="0"/><line number="750" hits="0"/><line number="756" hits="0"/><line number="759" hits="0"/><line number="760" hits="0"/><line number="761" hits="0"/><line number="768" hits="0"/><line number="769" hits="0"/><line number="770" hits="0"/><line number="771" hits="0"/><line number="773" hits="0"/><line number="776" hits="0"/><line number="777" hits="0"/><line number="778" hits="0"/><line number="783" hits="216172782113783808"/><line number="784" hits="216172782113783808"/><line number="787" hits="936748722493063168"/><line number="795" hits="0"/><line number="807" hits="0"/><line number="809" hits="0"/><line number="811" hits="0"/><line number="813" hits="0"/><line number="815" hits="0"/><line number="816" hits="0"/><line number="817" hits="0"/><line number="819" hits="0"/><line number="824" hits="0"/><line number="825" hits="0"/><line number="826" hits="0"/><line number="830" hits="0"/><line number="832" hits="0"/><line number="833" hits="0"/><line number="834" hits="0"/><line number="835" hits="0"/><line number="836" hits="0"/><line number="843" hits="0"/><line number="844" hits="0"/><line number="845" hits="0"/><line number="847" hits="0"/><line number="856" hits="0"/><line number="860" hits="0"/><line number="861" hits="0"/><line number="862" hits="0"/><line number="863" hits="0"/><line number="864" hits="0"/><line number="865" hits="0"/><line number="866" hits="0"/><line number="867" hits="0"/><line number="869" hits="0"/><line number="870" hits="0"/><line number="871" hits="0"/><line number="873" hits="0"/><line number="874" hits="0"/><line number="876" hits="0"/><line number="878" hits="0"/><line number="879" hits="0"/><line number="880" hits="0"/><line number="883" hits="0"/><line number="884" hits="0"/><line number="885" hits="0"/><line number="889" hits="0"/><line number="892" hits="0"/><line number="893" hits="0"/><line number="894" hits="0"/><line number="895" hits="0"/><line number="896" hits="0"/><line number="897" hits="0"/><line number="899" hits="0"/><line number="902" hits="0"/><line number="903" hits="0"/><line number="910" hits="0"/><line number="911" hits="0"/><line number="912" hits="0"/><line number="913" hits="0"/><line number="914" hits="0"/><line number="915" hits="0"/><line number="916" hits="0"/><line number="917" hits="0"/><line number="918" hits="0"/><line number="920" hits="0"/><line number="921" hits="0"/><line number="923" hits="0"/><line number="925" hits="0"/><line number="926" hits="0"/><line number="937" hits="0"/><line number="938" hits="0"/><line number="939" hits="0"/><line number="940" hits="0"/><line number="942" hits="0"/><line number="943" hits="0"/><line number="944" hits="0"/><line number="945" hits="0"/><line number="946" hits="0"/><line number="948" hits="0"/><line number="949" hits="0"/><line number="950" hits="0"/><line number="952" hits="0"/><line number="956" hits="0"/><line number="958" hits="0"/><line number="959" hits="0"/><line number="960" hits="0"/><line number="962" hits="0"/><line number="966" hits="288230376151711744"/><line number="967" hits="576460752303423488"/><line number="970" hits="360287970189639680"/><line number="971" hits="720575940379279360"/><line number="974" hits="216172782113783808"/><line number="975" hits="216172782113783808"/><line number="978" hits="0"/><line number="979" hits="0"/><line number="982" hits="0"/><line number="985" hits="216172782113783808"/><line number="986" hits="216172782113783808"/><line number="987" hits="648518346341351424"/><line number="988" hits="360287970189639680"/><line number="991" hits="288230376151711744"/><line number="992" hits="288230376151711744"/><line number="993" hits="936748722493063168"/><line number="994" hits="432345564227567616"/><line number="997" hits="0"/><line number="1003" hits="0"/><line number="1004" hits="0"/><line number="1006" hits="0"/><line number="1007" hits="0"/><line number="1008" hits="0"/><line number="1010" hits="0"/><line number="1011" hits="0"/><line number="1012" hits="0"/><line number="1013" hits="0"/><line number="1014" hits="0"/><line number="1015" hits="0"/><line number="1016" hits="0"/><line number="1019" hits="0"/></lines></class></classes></package></packages></coverage>